<?xml version="1.0" encoding="UTF-8"?>
<!-- Generated by org.testng.reporters.JUnitReportReporter -->
<testsuite hostname="Abdul-PC" name="Testrunner.TestRunner" tests="1" failures="0" timestamp="24 Nov 2019 09:51:57 GMT" time="124.216" errors="0">
  <testcase name="feature" time="124.216" classname="Testrunner.TestRunner"/>
</testsuite> <!-- Testrunner.TestRunner -->
