<?xml version="1.0" encoding="UTF-8"?>
<!-- Generated by org.testng.reporters.JUnitReportReporter -->
<testsuite hostname="Abdul-PC" name="framework.Cucumbersampleproject.AppTest" tests="1" failures="0" timestamp="24 Nov 2019 09:51:59 GMT" time="0.000" errors="0">
  <testcase name="testApp" time="0.000" classname="framework.Cucumbersampleproject.AppTest"/>
</testsuite> <!-- framework.Cucumbersampleproject.AppTest -->
